[debug] [2020-03-25T18:20:36.307Z] ----------------------------------------------------------------------
[debug] [2020-03-25T18:20:36.310Z] Command:       /usr/local/bin/node /usr/local/bin/firebase deploy --only functions
[debug] [2020-03-25T18:20:36.310Z] CLI Version:   7.16.0
[debug] [2020-03-25T18:20:36.310Z] Platform:      darwin
[debug] [2020-03-25T18:20:36.310Z] Node Version:  v10.13.0
[debug] [2020-03-25T18:20:36.311Z] Time:          Wed Mar 25 2020 18:20:36 GMT+0000 (Greenwich Mean Time)
[debug] [2020-03-25T18:20:36.311Z] ----------------------------------------------------------------------
[debug] [2020-03-25T18:20:36.311Z] 
[debug] [2020-03-25T18:20:36.322Z] > command requires scopes: ["email","openid","https://www.googleapis.com/auth/cloudplatformprojects.readonly","https://www.googleapis.com/auth/firebase","https://www.googleapis.com/auth/cloud-platform"]
[debug] [2020-03-25T18:20:36.327Z] > authorizing via signed-in user
[debug] [2020-03-25T18:20:36.327Z] [iam] checking project cva-worldvision for permissions ["cloudfunctions.functions.create","cloudfunctions.functions.delete","cloudfunctions.functions.get","cloudfunctions.functions.list","cloudfunctions.functions.update","cloudfunctions.operations.get","firebase.projects.get"]
[debug] [2020-03-25T18:20:36.332Z] >>> HTTP REQUEST POST https://cloudresourcemanager.googleapis.com/v1/projects/cva-worldvision:testIamPermissions  

[debug] [2020-03-25T18:20:37.123Z] <<< HTTP RESPONSE 200
[info] 
[info] === Deploying to 'cva-worldvision'...
[info] 
[info] i  deploying functions
[info] Running command: npm --prefix "$RESOURCE_DIR" run lint
[info] ✔  functions: Finished running predeploy script.
[debug] [2020-03-25T18:20:42.386Z] > [functions] package.json contents: {
  "name": "functions",
  "description": "Cloud Functions for Firebase",
  "scripts": {
    "lint": "eslint .",
    "serve": "firebase emulators:start --only functions",
    "shell": "firebase functions:shell",
    "start": "npm run shell",
    "deploy": "firebase deploy --only functions",
    "logs": "firebase functions:log"
  },
  "engines": {
    "node": "8"
  },
  "dependencies": {
    "firebase-admin": "^8.6.0",
    "firebase-functions": "^3.3.0"
  },
  "devDependencies": {
    "eslint": "^5.12.0",
    "eslint-plugin-promise": "^4.0.1",
    "firebase-functions-test": "^0.1.6"
  },
  "private": true
}
[info] i  functions: ensuring necessary APIs are enabled...
[debug] [2020-03-25T18:20:42.388Z] >>> HTTP REQUEST GET https://serviceusage.googleapis.com/v1/projects/cva-worldvision/services/cloudfunctions.googleapis.com  
 
[debug] [2020-03-25T18:20:42.389Z] >>> HTTP REQUEST GET https://serviceusage.googleapis.com/v1/projects/cva-worldvision/services/runtimeconfig.googleapis.com  
 
[debug] [2020-03-25T18:20:43.587Z] <<< HTTP RESPONSE 200
[debug] [2020-03-25T18:20:43.592Z] <<< HTTP RESPONSE 200
[info] ✔  functions: all necessary APIs are enabled
[debug] [2020-03-25T18:20:43.593Z] >>> HTTP REQUEST GET https://firebase.googleapis.com/v1beta1/projects/cva-worldvision/adminSdkConfig  
 
[debug] [2020-03-25T18:20:43.892Z] <<< HTTP RESPONSE 200
[info] i  functions: preparing functions directory for uploading...
[debug] [2020-03-25T18:20:43.896Z] >>> HTTP REQUEST GET https://runtimeconfig.googleapis.com/v1beta1/projects/cva-worldvision/configs  
 
[debug] [2020-03-25T18:20:44.815Z] <<< HTTP RESPONSE 200
[info] i  functions: packaged functions (41.25 KB) for uploading
[debug] [2020-03-25T18:20:45.165Z] >>> HTTP REQUEST POST https://cloudfunctions.googleapis.com/v1/projects/cva-worldvision/locations/us-central1/functions:generateUploadUrl  
 
[debug] [2020-03-25T18:20:45.983Z] <<< HTTP RESPONSE 200
[debug] [2020-03-25T18:20:45.984Z] >>> HTTP REQUEST PUT https://storage.googleapis.com/gcf-upload-us-central1-f0e105db-f3ca-4345-a47d-066871d70503/e85583bb-a6ae-4219-86b5-2a3af30eda2b.zip?GoogleAccessId=service-615471052636@gcf-admin-robot.iam.gserviceaccount.com&Expires=1585162245&Signature=jHoJV%2FByvGi51sTF%2BQYSH7FzWzZ3MqQAYl9rPKd3zX8iYMpvybUb81OpmRju9ugLZhH%2BlGU10MbJ5XhvzjHwUw77J0RE2wO1abZ94MBnZa%2FyEQ01FWm%2B13Sxk11BZq02DQZN1e37I4ULy2mgILIJ4ZMVlXKWfyTtGb%2FIgjE7TBzwuQoZ7CtYyMv%2FKFBTrSvUBuNd5SlD8zZlENb1Rld7Ca1hiuORkdVzLJ4lCmWWCuyDiXVQu2HKJnojrldVHEoT96h7t8AmGklnJKMLEkq%2B%2F43VhAVHwflGSuadI73D89vIMzRdMW6sIlUZkTIAbFQTVCXpKCeh3ZfgqZY9CivrBA%3D%3D  
 <request body omitted>
[debug] [2020-03-25T18:20:46.348Z] <<< HTTP RESPONSE 200
[info] ✔  functions: functions folder uploaded successfully
[debug] [2020-03-25T18:20:46.352Z] >>> HTTP REQUEST GET https://cloudfunctions.googleapis.com/v1/projects/cva-worldvision/locations/-/functions  
 
[debug] [2020-03-25T18:20:46.768Z] <<< HTTP RESPONSE 200
[info] i  functions: updating Node.js 8 function deleteUser(us-central1)...
[debug] [2020-03-25T18:20:46.772Z] Trigger is:  {"httpsTrigger":{}}
[debug] [2020-03-25T18:20:46.774Z] >>> HTTP REQUEST GET https://serviceusage.googleapis.com/v1/projects/cva-worldvision/services/cloudscheduler.googleapis.com  
 
[debug] [2020-03-25T18:20:47.768Z] <<< HTTP RESPONSE 200
[debug] [2020-03-25T18:20:47.771Z] >>> HTTP REQUEST PATCH https://cloudfunctions.googleapis.com/v1/projects/cva-worldvision/locations/us-central1/functions/deleteUser {"updateMask":"sourceUploadUrl,name,labels,runtime,httpsTrigger"} 

[debug] [2020-03-25T18:20:48.191Z] <<< HTTP RESPONSE 200
[debug] [2020-03-25T18:20:48.195Z] >>> HTTP REQUEST GET https://cloudfunctions.googleapis.com/v1/projects/cva-worldvision/locations/-/functions  
 
[debug] [2020-03-25T18:20:48.700Z] <<< HTTP RESPONSE 200
[debug] [2020-03-25T18:20:48.702Z] >>> HTTP REQUEST GET https://cloudfunctions.googleapis.com/v1/operations/Y3ZhLXdvcmxkdmlzaW9uL3VzLWNlbnRyYWwxL2RlbGV0ZVVzZXIvNlhXaXBzaUktaTg  
 
[debug] [2020-03-25T18:20:48.940Z] <<< HTTP RESPONSE 200
[debug] [2020-03-25T18:20:50.942Z] >>> HTTP REQUEST GET https://cloudfunctions.googleapis.com/v1/operations/Y3ZhLXdvcmxkdmlzaW9uL3VzLWNlbnRyYWwxL2RlbGV0ZVVzZXIvNlhXaXBzaUktaTg  
 
[debug] [2020-03-25T18:20:51.269Z] <<< HTTP RESPONSE 200
[debug] [2020-03-25T18:20:53.273Z] >>> HTTP REQUEST GET https://cloudfunctions.googleapis.com/v1/operations/Y3ZhLXdvcmxkdmlzaW9uL3VzLWNlbnRyYWwxL2RlbGV0ZVVzZXIvNlhXaXBzaUktaTg  
 
[debug] [2020-03-25T18:20:53.709Z] <<< HTTP RESPONSE 200
[debug] [2020-03-25T18:20:55.713Z] >>> HTTP REQUEST GET https://cloudfunctions.googleapis.com/v1/operations/Y3ZhLXdvcmxkdmlzaW9uL3VzLWNlbnRyYWwxL2RlbGV0ZVVzZXIvNlhXaXBzaUktaTg  
 
[debug] [2020-03-25T18:20:56.180Z] <<< HTTP RESPONSE 200
[debug] [2020-03-25T18:20:58.186Z] >>> HTTP REQUEST GET https://cloudfunctions.googleapis.com/v1/operations/Y3ZhLXdvcmxkdmlzaW9uL3VzLWNlbnRyYWwxL2RlbGV0ZVVzZXIvNlhXaXBzaUktaTg  
 
[debug] [2020-03-25T18:20:58.637Z] <<< HTTP RESPONSE 200
[debug] [2020-03-25T18:21:00.641Z] >>> HTTP REQUEST GET https://cloudfunctions.googleapis.com/v1/operations/Y3ZhLXdvcmxkdmlzaW9uL3VzLWNlbnRyYWwxL2RlbGV0ZVVzZXIvNlhXaXBzaUktaTg  
 
[debug] [2020-03-25T18:21:01.094Z] <<< HTTP RESPONSE 200
[debug] [2020-03-25T18:21:03.095Z] >>> HTTP REQUEST GET https://cloudfunctions.googleapis.com/v1/operations/Y3ZhLXdvcmxkdmlzaW9uL3VzLWNlbnRyYWwxL2RlbGV0ZVVzZXIvNlhXaXBzaUktaTg  
 
[debug] [2020-03-25T18:21:03.550Z] <<< HTTP RESPONSE 200
[debug] [2020-03-25T18:21:05.556Z] >>> HTTP REQUEST GET https://cloudfunctions.googleapis.com/v1/operations/Y3ZhLXdvcmxkdmlzaW9uL3VzLWNlbnRyYWwxL2RlbGV0ZVVzZXIvNlhXaXBzaUktaTg  
 
[debug] [2020-03-25T18:21:06.011Z] <<< HTTP RESPONSE 200
[debug] [2020-03-25T18:21:08.012Z] >>> HTTP REQUEST GET https://cloudfunctions.googleapis.com/v1/operations/Y3ZhLXdvcmxkdmlzaW9uL3VzLWNlbnRyYWwxL2RlbGV0ZVVzZXIvNlhXaXBzaUktaTg  
 
[debug] [2020-03-25T18:21:08.466Z] <<< HTTP RESPONSE 200
[debug] [2020-03-25T18:21:10.468Z] >>> HTTP REQUEST GET https://cloudfunctions.googleapis.com/v1/operations/Y3ZhLXdvcmxkdmlzaW9uL3VzLWNlbnRyYWwxL2RlbGV0ZVVzZXIvNlhXaXBzaUktaTg  
 
[debug] [2020-03-25T18:21:10.923Z] <<< HTTP RESPONSE 200
